Microsoft (R) Macro Assembler Version 14.24.28315.0	    10/14/20 12:02:42
calc.asm						     Page 1 - 1


				.586
				.model flat, c
				PUBLIC calc
				EXTRN const_c:dword
				EXTRN const_d:dword
 00000000			.data

 00000000 00000035		const_53 dd 53
 00000004 00000004		const_4 dd 4
 00000008 00000001		const_1 dd 1
 0000000C 0000000F		const_15 dd 15
 00000010 0D 0A 4E 6F 74	error db 13, 10,'Not correct value: %lf',13,10,'$'
	   20 63 6F 72 72
	   65 63 74 20 76
	   61 6C 75 65 3A
	   20 25 6C 66 0D
	   0A 24

 00000000			.code
					
 00000000				calc PROC
 00000000  55					push ebp
 00000001  8B EC				mov ebp, esp
 00000003  9B DB E3				finit
 00000006  D9 05 00000000 E				fld const_d
 0000000C  D9 05 00000000 E				fld const_c
 00000012  D8 D1					fcom
 00000014  9B DF E0					fstsw ax
 00000017  66| 3D 3000					cmp ax, 3000h
 0000001B  75 31					jne C_LE_D

 0000001D  DB 05 00000000 R				fild const_53
 00000023  DC 75 08					fdiv qword ptr [ebp+8]
 00000026  D8 05 00000000 E				fadd const_d
 0000002C  DB 05 00000004 R				fild const_4
 00000032  DC 4D 08					fmul qword ptr [ebp+8]
 00000035  D8 E9					fsubr st(0), st(1)
 00000037  D9 FA					fsqrt
 00000039  D9 05 00000000 E				fld const_c
 0000003F  DC 4D 08					fmul qword ptr [ebp+8]
 00000042  DB 05 00000008 R				fild const_1
 00000048  D8 C1					fadd st(0), st(1)
 0000004A  D8 FA					fdivr st(0), st(2)

 0000004C  EB 32					jmp end_proc
							
 0000004E						C_LE_D:
 0000004E  DB 05 0000000C R				fild const_15
 00000054  DC 4D 08					fmul qword ptr [ebp+8]
 00000057  D9 FA					fsqrt
 00000059  D8 05 00000000 E				fadd const_d
 0000005F  DB 05 00000004 R				fild const_4
 00000065  DC 7D 08					fdivr qword ptr [ebp+8]
 00000068  D8 E9					fsubr st(0), st(1)
 0000006A  D9 05 00000000 E				fld const_c
 00000070  D8 0D 00000000 E				fmul const_d
 00000076  DB 05 00000008 R				fild const_1
 0000007C  D8 E9					fsubr st(0), st(1)
 0000007E  D8 FA					fdivr st(0), st(2)

 00000080					end_proc:
 00000080  5D					pop ebp
 00000081  C3					ret
 00000082				calc ENDP
				END
Microsoft (R) Macro Assembler Version 14.24.28315.0	    10/14/20 12:02:42
calc.asm						     Symbols 2 - 1




Segments and Groups:

                N a m e                 Size     Length   Align   Combine Class

FLAT . . . . . . . . . . . . . .	GROUP
_DATA  . . . . . . . . . . . . .	32 Bit	 0000002B Para	  Public  'DATA'	
_TEXT  . . . . . . . . . . . . .	32 Bit	 00000082 Para	  Public  'CODE'	


Procedures, parameters, and locals:

                N a m e                 Type     Value    Attr

calc . . . . . . . . . . . . . .	P Near	 00000000 _TEXT	Length= 00000082 Public C
  C_LE_D . . . . . . . . . . . .	L Near	 0000004E _TEXT	
  end_proc . . . . . . . . . . .	L Near	 00000080 _TEXT	


Symbols:

                N a m e                 Type     Value    Attr

@CodeSize  . . . . . . . . . . .	Number	 00000000h   
@DataSize  . . . . . . . . . . .	Number	 00000000h   
@Interface . . . . . . . . . . .	Number	 00000001h   
@Model . . . . . . . . . . . . .	Number	 00000007h   
@code  . . . . . . . . . . . . .	Text   	 _TEXT
@data  . . . . . . . . . . . . .	Text   	 FLAT
@fardata?  . . . . . . . . . . .	Text   	 FLAT
@fardata . . . . . . . . . . . .	Text   	 FLAT
@stack . . . . . . . . . . . . .	Text   	 FLAT
const_15 . . . . . . . . . . . .	DWord	 0000000C _DATA	
const_1  . . . . . . . . . . . .	DWord	 00000008 _DATA	
const_4  . . . . . . . . . . . .	DWord	 00000004 _DATA	
const_53 . . . . . . . . . . . .	DWord	 00000000 _DATA	
const_c  . . . . . . . . . . . .	DWord	 00000000 FLAT	External C
const_d  . . . . . . . . . . . .	DWord	 00000000 FLAT	External C
error  . . . . . . . . . . . . .	Byte	 00000010 _DATA	

	   0 Warnings
	   0 Errors
